[18:57:51.157932] [SceneFactory] [info] (th=3308) Plane is created: id: D6B877AD-48A3-4B65-80F3-46EDBFC21B67
[19:21:59.630467] [SceneFactory] [info] (th=3308) Light is created: id: 3D029C76-70A7-4918-8599-7D9F7C1D9349
[11:23:06.310000] [SceneFactory] [info] (th=1176) Sphere is created: id: 29AC014D-0F7F-4160-B8EB-645E4A0197CF
[14:39:23.352200] [SceneFactory] [info] (th=18808) Light is created: id: 48CBA657-19B0-4C44-8213-5CF585BC4D6D
[15:00:29.705248] [SceneFactory] [info] (th=18808) Sphere is created: id: C392BF20-6418-40FB-AD01-D5F1448A15A6
[17:34:51.795191] [SceneFactory] [info] (th=20380) Light is created: id: 68F9BEF1-D839-4D07-85CF-57328FAC753B
[15:14:35.561789] [SceneFactory] [info] (th=28820) Log level for 'SceneFactory' set to 'info'
[14:17:34.560323] [SceneFactory] [info] (th=96892) Log level for 'SceneFactory' set to 'info'
[14:18:27.523784] [SceneFactory] [info] (th=96892) GhostObject is created: id: D165C6AB-268B-4425-A83E-3F9BC2927942
[00:30:14.127876] [SceneFactory] [info] (th=1411216) Log level for 'SceneFactory' set to 'info'
[00:30:14.128920] [SceneFactory] [info] (th=1411216) Light is created: id: 279D00AA-B60C-4A4F-9C55-47A6B62831E9
[00:38:34.917100] [SceneFactory] [info] (th=1411216) GhostObject is created: id: 3867FDF9-E711-45DD-9832-9BE73CDE8241
[00:41:42.081862] [SceneFactory] [info] (th=1411216) GhostObject is created: id: 9FBDB5CB-67CC-4935-B50E-508D96C7D38F
[00:59:04.885047] [SceneFactory] [info] (th=1411216) Log level for 'SceneFactory' set to 'info'
[11:21:55.136249] [SceneFactory] [info] (th=215525) Log level for 'SceneFactory' set to 'info'
[11:21:55.140063] [SceneFactory] [info] (th=215525) Plane is created: id: 112335F8-64B0-4D4C-9173-D728BE9154CC
[16:30:59.547086] [SceneFactory] [info] (th=756246) Log level for 'SceneFactory' set to 'info'
[19:39:05.169561] [SceneFactory] [info] (th=789621) Log level for 'SceneFactory' set to 'info'
[00:28:07.873636] [SceneFactory] [info] (th=789621) GhostObject is created: id: 5ACB4D91-03F3-4200-B66E-73ECCF865872
[00:44:43.565693] [SceneFactory] [info] (th=1513826) Log level for 'SceneFactory' set to 'info'
[00:44:43.568547] [SceneFactory] [info] (th=1513826) Plane is created: id: F0B1EEBE-46AB-4CC3-AEBF-77578147FF8A
[01:02:03.533911] [SceneFactory] [info] (th=1513826) Log level for 'SceneFactory' set to 'info'
[01:02:03.535002] [SceneFactory] [info] (th=1513826) Plane is created: id: 0D089C2D-F491-4175-B2F0-5A9963699768
[19:03:59.322465] [SceneFactory] [info] (th=1745225) Log level for 'SceneFactory' set to 'info'
[19:03:59.324343] [SceneFactory] [info] (th=1745225) Light is created: id: F39D779B-CA07-40E3-A21C-D781797ED818
[19:10:56.687644] [SceneFactory] [info] (th=1745225) Light is created: id: CA6207D1-EA6A-46C8-9AE8-41FB430AA80C
[19:11:14.041756] [SceneFactory] [info] (th=1745225) Light is created: id: BAD1194E-F968-43FB-B97A-197ADC63AAC1
[19:12:37.820331] [SceneFactory] [info] (th=1745225) Light is created: id: E071DB45-07D4-48FE-BFC9-41C1D4D81D9F
[15:00:02.516809] [SceneFactory] [info] (th=27175) Log level for 'SceneFactory' set to 'info'
[18:30:31.797234] [SceneFactory] [info] (th=88395) Log level for 'SceneFactory' set to 'info'
